mode: set
/home/rrm003/ContinuumDev/Testing/IsPalindrome.go:3.35,5.22 2 1
/home/rrm003/ContinuumDev/Testing/IsPalindrome.go:10.2,10.13 1 1
/home/rrm003/ContinuumDev/Testing/IsPalindrome.go:5.22,6.15 1 1
/home/rrm003/ContinuumDev/Testing/IsPalindrome.go:6.15,8.4 1 1
/home/rrm003/ContinuumDev/Testing/IsPalindrome.go:13.33,15.22 2 1
/home/rrm003/ContinuumDev/Testing/IsPalindrome.go:22.2,22.13 1 1
/home/rrm003/ContinuumDev/Testing/IsPalindrome.go:15.22,16.27 1 1
/home/rrm003/ContinuumDev/Testing/IsPalindrome.go:16.27,18.4 1 1
/home/rrm003/ContinuumDev/Testing/IsPalindrome.go:18.9,18.34 1 1
/home/rrm003/ContinuumDev/Testing/IsPalindrome.go:18.34,20.4 1 1
/home/rrm003/ContinuumDev/Testing/IsPalindrome.go:25.34,28.19 3 1
/home/rrm003/ContinuumDev/Testing/IsPalindrome.go:33.2,33.13 1 1
/home/rrm003/ContinuumDev/Testing/IsPalindrome.go:28.19,29.28 1 1
/home/rrm003/ContinuumDev/Testing/IsPalindrome.go:29.28,31.4 1 1
/home/rrm003/ContinuumDev/Testing/add.go:4.24,6.2 1 1
/home/rrm003/ContinuumDev/Testing/charcount.go:3.30,5.22 2 1
/home/rrm003/ContinuumDev/Testing/charcount.go:11.2,11.14 1 1
/home/rrm003/ContinuumDev/Testing/charcount.go:5.22,6.15 1 1
/home/rrm003/ContinuumDev/Testing/charcount.go:6.15,9.4 1 1
/home/rrm003/ContinuumDev/Testing/divide.go:4.41,5.12 1 1
/home/rrm003/ContinuumDev/Testing/divide.go:8.2,8.27 1 1
/home/rrm003/ContinuumDev/Testing/divide.go:5.12,7.3 1 1
